"Start of log file."
"E:/UNITYP~1/MANIKE~1/TRY_JO~1/Assets/spher.max"
"Starting max loading and fbx conversion"
window = undefined
"Settings units"
"Before fbx export"
"After fbx export"
"Finished max loading and fbx conversion"
"E:/UNITYP~1/MANIKE~1/TRY_JO~1/Assets/spher.max"
"Starting max loading and fbx conversion"
window = undefined
"Settings units"
"Before fbx export"
"After fbx export"
"Finished max loading and fbx conversion"
"E:/UNITYP~1/MANIKE~1/TRY_JO~1/Assets/spher.max"
"Starting max loading and fbx conversion"
window = undefined
"Settings units"
"Before fbx export"
"After fbx export"
"Finished max loading and fbx conversion"
